<?xml version="1.0" encoding="UTF-8"?>
<coverage generated="1783589992026" clover="3.2.0">
  <project timestamp="1783589992026" name="All files">
    <metrics statements="50" coveredstatements="40" conditionals="38" coveredconditionals="24" methods="19" coveredmethods="14" elements="107" coveredelements="78" complexity="0" loc="50" ncloc="50" packages="5" files="7" classes="7"/>
    <package name="src">
      <metrics statements="2" coveredstatements="2" conditionals="0" coveredconditionals="0" methods="1" coveredmethods="1"/>
      <file name="App.tsx" path="C:\Users\Joelito\Documents\programacion\BCN activa\2_Front End\4_sprint\Tema 2 React Componentes\it-sprint4-images-gallery\image-gallery\src\App.tsx">
        <metrics statements="2" coveredstatements="2" conditionals="0" coveredconditionals="0" methods="1" coveredmethods="1"/>
        <line num="5" count="1" type="stmt"/>
        <line num="7" count="1" type="stmt"/>
      </file>
    </package>
    <package name="src.components">
      <metrics statements="40" coveredstatements="30" conditionals="32" coveredconditionals="19" methods="15" coveredmethods="10"/>
      <file name="Gallery.tsx" path="C:\Users\Joelito\Documents\programacion\BCN activa\2_Front End\4_sprint\Tema 2 React Componentes\it-sprint4-images-gallery\image-gallery\src\components\Gallery.tsx">
        <metrics statements="30" coveredstatements="23" conditionals="16" coveredconditionals="8" methods="11" coveredmethods="7"/>
        <line num="17" count="2" type="stmt"/>
        <line num="20" count="9" type="stmt"/>
        <line num="26" count="9" type="stmt"/>
        <line num="28" count="9" type="stmt"/>
        <line num="29" count="1" type="cond" truecount="1" falsecount="1"/>
        <line num="30" count="12" type="stmt"/>
        <line num="34" count="9" type="stmt"/>
        <line num="59" count="9" type="stmt"/>
        <line num="60" count="0" type="stmt"/>
        <line num="63" count="9" type="stmt"/>
        <line num="64" count="0" type="stmt"/>
        <line num="67" count="9" type="stmt"/>
        <line num="68" count="0" type="cond" truecount="0" falsecount="4"/>
        <line num="69" count="0" type="stmt"/>
        <line num="73" count="9" type="stmt"/>
        <line num="74" count="2" type="stmt"/>
        <line num="76" count="2" type="cond" truecount="1" falsecount="1"/>
        <line num="77" count="0" type="stmt"/>
        <line num="78" count="0" type="stmt"/>
        <line num="79" count="0" type="stmt"/>
        <line num="82" count="2" type="stmt"/>
        <line num="83" count="2" type="stmt"/>
        <line num="86" count="9" type="stmt"/>
        <line num="87" count="1" type="cond" truecount="2" falsecount="2"/>
        <line num="88" count="1" type="stmt"/>
        <line num="89" count="12" type="stmt"/>
        <line num="92" count="1" type="stmt"/>
        <line num="93" count="1" type="stmt"/>
        <line num="97" count="9" type="stmt"/>
        <line num="122" count="105" type="stmt"/>
      </file>
      <file name="ImageItem.tsx" path="C:\Users\Joelito\Documents\programacion\BCN activa\2_Front End\4_sprint\Tema 2 React Componentes\it-sprint4-images-gallery\image-gallery\src\components\ImageItem.tsx">
        <metrics statements="10" coveredstatements="7" conditionals="16" coveredconditionals="11" methods="4" coveredmethods="3"/>
        <line num="18" count="2" type="stmt"/>
        <line num="28" count="2" type="stmt"/>
        <line num="30" count="105" type="stmt"/>
        <line num="37" count="105" type="stmt"/>
        <line num="46" count="2" type="stmt"/>
        <line num="49" count="0" type="cond" truecount="0" falsecount="4"/>
        <line num="50" count="0" type="stmt"/>
        <line num="51" count="0" type="stmt"/>
        <line num="66" count="1" type="stmt"/>
        <line num="67" count="1" type="stmt"/>
      </file>
    </package>
    <package name="src.components.ui">
      <metrics statements="6" coveredstatements="6" conditionals="6" coveredconditionals="5" methods="2" coveredmethods="2"/>
      <file name="button.tsx" path="C:\Users\Joelito\Documents\programacion\BCN activa\2_Front End\4_sprint\Tema 2 React Componentes\it-sprint4-images-gallery\image-gallery\src\components\ui\button.tsx">
        <metrics statements="3" coveredstatements="3" conditionals="5" coveredconditionals="4" methods="1" coveredmethods="1"/>
        <line num="7" count="2" type="stmt"/>
        <line num="54" count="105" type="cond" truecount="1" falsecount="1"/>
        <line num="56" count="105" type="stmt"/>
      </file>
      <file name="sonner.tsx" path="C:\Users\Joelito\Documents\programacion\BCN activa\2_Front End\4_sprint\Tema 2 React Componentes\it-sprint4-images-gallery\image-gallery\src\components\ui\sonner.tsx">
        <metrics statements="3" coveredstatements="3" conditionals="1" coveredconditionals="1" methods="1" coveredmethods="1"/>
        <line num="5" count="1" type="stmt"/>
        <line num="6" count="1" type="cond" truecount="1" falsecount="0"/>
        <line num="8" count="1" type="stmt"/>
      </file>
    </package>
    <package name="src.data">
      <metrics statements="1" coveredstatements="1" conditionals="0" coveredconditionals="0" methods="0" coveredmethods="0"/>
      <file name="images.ts" path="C:\Users\Joelito\Documents\programacion\BCN activa\2_Front End\4_sprint\Tema 2 React Componentes\it-sprint4-images-gallery\image-gallery\src\data\images.ts">
        <metrics statements="1" coveredstatements="1" conditionals="0" coveredconditionals="0" methods="0" coveredmethods="0"/>
        <line num="3" count="2" type="stmt"/>
      </file>
    </package>
    <package name="src.lib">
      <metrics statements="1" coveredstatements="1" conditionals="0" coveredconditionals="0" methods="1" coveredmethods="1"/>
      <file name="utils.ts" path="C:\Users\Joelito\Documents\programacion\BCN activa\2_Front End\4_sprint\Tema 2 React Componentes\it-sprint4-images-gallery\image-gallery\src\lib\utils.ts">
        <metrics statements="1" coveredstatements="1" conditionals="0" coveredconditionals="0" methods="1" coveredmethods="1"/>
        <line num="5" count="105" type="stmt"/>
      </file>
    </package>
  </project>
</coverage>
