{"C:\\Users\\Joelito\\Documents\\programacion\\BCN activa\\2_Front End\\4_sprint\\Tema 2 React Componentes\\it-sprint4-images-gallery\\image-gallery\\src\\App.tsx": {"path":"C:\\Users\\Joelito\\Documents\\programacion\\BCN activa\\2_Front End\\4_sprint\\Tema 2 React Componentes\\it-sprint4-images-gallery\\image-gallery\\src\\App.tsx","statementMap":{"0":{"start":{"line":5,"column":13},"end":{"line":18,"column":null}},"1":{"start":{"line":7,"column":2},"end":{"line":16,"column":null}}},"fnMap":{"0":{"name":"(anonymous_0)","decl":{"start":{"line":5,"column":13},"end":{"line":5,"column":25}},"loc":{"start":{"line":5,"column":25},"end":{"line":18,"column":null}},"line":5}},"branchMap":{},"s":{"0":1,"1":1},"f":{"0":1},"b":{},"meta":{"lastBranch":0,"lastFunction":1,"lastStatement":2,"seen":{"s:5:13:18:Infinity":0,"f:5:13:5:25":0,"s:7:2:16:Infinity":1},"fnNames":{}}}
,"C:\\Users\\Joelito\\Documents\\programacion\\BCN activa\\2_Front End\\4_sprint\\Tema 2 React Componentes\\it-sprint4-images-gallery\\image-gallery\\src\\components\\Gallery.tsx": {"path":"C:\\Users\\Joelito\\Documents\\programacion\\BCN activa\\2_Front End\\4_sprint\\Tema 2 React Componentes\\it-sprint4-images-gallery\\image-gallery\\src\\components\\Gallery.tsx","statementMap":{"0":{"start":{"line":17,"column":13},"end":{"line":127,"column":null}},"1":{"start":{"line":20,"column":19},"end":{"line":20,"column":null}},"2":{"start":{"line":26,"column":24},"end":{"line":26,"column":null}},"3":{"start":{"line":28,"column":10},"end":{"line":32,"column":null}},"4":{"start":{"line":29,"column":8},"end":{"line":31,"column":null}},"5":{"start":{"line":30,"column":12},"end":{"line":30,"column":null}},"6":{"start":{"line":30,"column":43},"end":{"line":30,"column":56}},"7":{"start":{"line":34,"column":10},"end":{"line":34,"column":null}},"8":{"start":{"line":59,"column":10},"end":{"line":61,"column":null}},"9":{"start":{"line":60,"column":8},"end":{"line":60,"column":null}},"10":{"start":{"line":63,"column":10},"end":{"line":65,"column":null}},"11":{"start":{"line":64,"column":8},"end":{"line":64,"column":null}},"12":{"start":{"line":64,"column":18},"end":{"line":64,"column":47}},"13":{"start":{"line":67,"column":10},"end":{"line":71,"column":null}},"14":{"start":{"line":68,"column":8},"end":{"line":70,"column":null}},"15":{"start":{"line":69,"column":12},"end":{"line":69,"column":null}},"16":{"start":{"line":73,"column":10},"end":{"line":84,"column":null}},"17":{"start":{"line":74,"column":31},"end":{"line":74,"column":null}},"18":{"start":{"line":76,"column":8},"end":{"line":80,"column":null}},"19":{"start":{"line":77,"column":12},"end":{"line":77,"column":null}},"20":{"start":{"line":78,"column":12},"end":{"line":78,"column":null}},"21":{"start":{"line":79,"column":12},"end":{"line":79,"column":null}},"22":{"start":{"line":82,"column":8},"end":{"line":82,"column":null}},"23":{"start":{"line":83,"column":8},"end":{"line":83,"column":null}},"24":{"start":{"line":86,"column":10},"end":{"line":95,"column":null}},"25":{"start":{"line":87,"column":8},"end":{"line":94,"column":null}},"26":{"start":{"line":88,"column":12},"end":{"line":91,"column":null}},"27":{"start":{"line":89,"column":16},"end":{"line":89,"column":null}},"28":{"start":{"line":92,"column":12},"end":{"line":92,"column":null}},"29":{"start":{"line":93,"column":12},"end":{"line":93,"column":null}},"30":{"start":{"line":97,"column":4},"end":{"line":125,"column":null}},"31":{"start":{"line":122,"column":20},"end":{"line":122,"column":null}}},"fnMap":{"0":{"name":"(anonymous_0)","decl":{"start":{"line":17,"column":13},"end":{"line":17,"column":29}},"loc":{"start":{"line":17,"column":29},"end":{"line":127,"column":null}},"line":17},"1":{"name":"(anonymous_1)","decl":{"start":{"line":28,"column":10},"end":{"line":28,"column":26}},"loc":{"start":{"line":28,"column":41},"end":{"line":32,"column":null}},"line":28},"2":{"name":"(anonymous_2)","decl":{"start":{"line":30,"column":29},"end":{"line":30,"column":36}},"loc":{"start":{"line":30,"column":43},"end":{"line":30,"column":56}},"line":30},"3":{"name":"(anonymous_3)","decl":{"start":{"line":59,"column":10},"end":{"line":59,"column":34}},"loc":{"start":{"line":59,"column":34},"end":{"line":61,"column":null}},"line":59},"4":{"name":"(anonymous_4)","decl":{"start":{"line":63,"column":10},"end":{"line":63,"column":28}},"loc":{"start":{"line":63,"column":53},"end":{"line":65,"column":null}},"line":63},"5":{"name":"(anonymous_5)","decl":{"start":{"line":64,"column":8},"end":{"line":64,"column":18}},"loc":{"start":{"line":64,"column":18},"end":{"line":64,"column":47}},"line":64},"6":{"name":"(anonymous_6)","decl":{"start":{"line":67,"column":10},"end":{"line":67,"column":27}},"loc":{"start":{"line":67,"column":51},"end":{"line":71,"column":null}},"line":67},"7":{"name":"(anonymous_7)","decl":{"start":{"line":73,"column":10},"end":{"line":73,"column":32}},"loc":{"start":{"line":73,"column":47},"end":{"line":84,"column":null}},"line":73},"8":{"name":"(anonymous_8)","decl":{"start":{"line":86,"column":10},"end":{"line":86,"column":39}},"loc":{"start":{"line":86,"column":39},"end":{"line":95,"column":null}},"line":86},"9":{"name":"(anonymous_9)","decl":{"start":{"line":88,"column":29},"end":{"line":88,"column":36}},"loc":{"start":{"line":89,"column":16},"end":{"line":89,"column":null}},"line":89},"10":{"name":"(anonymous_10)","decl":{"start":{"line":121,"column":24},"end":{"line":121,"column":29}},"loc":{"start":{"line":122,"column":20},"end":{"line":122,"column":null}},"line":122}},"branchMap":{"0":{"loc":{"start":{"line":29,"column":8},"end":{"line":31,"column":null}},"type":"if","locations":[{"start":{"line":29,"column":8},"end":{"line":31,"column":null}},{"start":{},"end":{}}],"line":29},"1":{"loc":{"start":{"line":68,"column":8},"end":{"line":70,"column":null}},"type":"if","locations":[{"start":{"line":68,"column":8},"end":{"line":70,"column":null}},{"start":{},"end":{}}],"line":68},"2":{"loc":{"start":{"line":68,"column":12},"end":{"line":68,"column":55}},"type":"binary-expr","locations":[{"start":{"line":68,"column":12},"end":{"line":68,"column":30}},{"start":{"line":68,"column":30},"end":{"line":68,"column":55}}],"line":68},"3":{"loc":{"start":{"line":76,"column":8},"end":{"line":80,"column":null}},"type":"if","locations":[{"start":{"line":76,"column":8},"end":{"line":80,"column":null}},{"start":{},"end":{}}],"line":76},"4":{"loc":{"start":{"line":87,"column":8},"end":{"line":94,"column":null}},"type":"if","locations":[{"start":{"line":87,"column":8},"end":{"line":94,"column":null}},{"start":{},"end":{}}],"line":87},"5":{"loc":{"start":{"line":87,"column":81},"end":{"line":87,"column":127}},"type":"cond-expr","locations":[{"start":{"line":87,"column":104},"end":{"line":87,"column":117}},{"start":{"line":87,"column":117},"end":{"line":87,"column":127}}],"line":87},"6":{"loc":{"start":{"line":104,"column":13},"end":{"line":115,"column":13}},"type":"binary-expr","locations":[{"start":{"line":104,"column":13},"end":{"line":104,"column":null}},{"start":{"line":105,"column":16},"end":{"line":115,"column":13}}],"line":104},"7":{"loc":{"start":{"line":108,"column":55},"end":{"line":108,"column":null}},"type":"cond-expr","locations":[{"start":{"line":108,"column":78},"end":{"line":108,"column":91}},{"start":{"line":108,"column":91},"end":{"line":108,"column":null}}],"line":108}},"s":{"0":2,"1":9,"2":9,"3":9,"4":1,"5":1,"6":12,"7":9,"8":9,"9":0,"10":9,"11":0,"12":0,"13":9,"14":0,"15":0,"16":9,"17":2,"18":2,"19":0,"20":0,"21":0,"22":2,"23":2,"24":9,"25":1,"26":1,"27":12,"28":1,"29":1,"30":9,"31":105},"f":{"0":9,"1":1,"2":12,"3":0,"4":0,"5":0,"6":0,"7":2,"8":1,"9":12,"10":105},"b":{"0":[1,0],"1":[0,0],"2":[0,0],"3":[0,2],"4":[1,0],"5":[1,0],"6":[9,2],"7":[1,1]},"meta":{"lastBranch":8,"lastFunction":11,"lastStatement":32,"seen":{"s:17:13:127:Infinity":0,"f:17:13:17:29":0,"s:20:19:20:Infinity":1,"s:26:24:26:Infinity":2,"s:28:10:32:Infinity":3,"f:28:10:28:26":1,"b:29:8:31:Infinity:undefined:undefined:undefined:undefined":0,"s:29:8:31:Infinity":4,"s:30:12:30:Infinity":5,"f:30:29:30:36":2,"s:30:43:30:56":6,"s:34:10:34:Infinity":7,"s:59:10:61:Infinity":8,"f:59:10:59:34":3,"s:60:8:60:Infinity":9,"s:63:10:65:Infinity":10,"f:63:10:63:28":4,"s:64:8:64:Infinity":11,"f:64:8:64:18":5,"s:64:18:64:47":12,"s:67:10:71:Infinity":13,"f:67:10:67:27":6,"b:68:8:70:Infinity:undefined:undefined:undefined:undefined":1,"s:68:8:70:Infinity":14,"b:68:12:68:30:68:30:68:55":2,"s:69:12:69:Infinity":15,"s:73:10:84:Infinity":16,"f:73:10:73:32":7,"s:74:31:74:Infinity":17,"b:76:8:80:Infinity:undefined:undefined:undefined:undefined":3,"s:76:8:80:Infinity":18,"s:77:12:77:Infinity":19,"s:78:12:78:Infinity":20,"s:79:12:79:Infinity":21,"s:82:8:82:Infinity":22,"s:83:8:83:Infinity":23,"s:86:10:95:Infinity":24,"f:86:10:86:39":8,"b:87:8:94:Infinity:undefined:undefined:undefined:undefined":4,"s:87:8:94:Infinity":25,"b:87:104:87:117:87:117:87:127":5,"s:88:12:91:Infinity":26,"f:88:29:88:36":9,"s:89:16:89:Infinity":27,"s:92:12:92:Infinity":28,"s:93:12:93:Infinity":29,"s:97:4:125:Infinity":30,"b:104:13:104:Infinity:105:16:115:13":6,"b:108:78:108:91:108:91:108:Infinity":7,"f:121:24:121:29":10,"s:122:20:122:Infinity":31},"fnNames":{}}}
,"C:\\Users\\Joelito\\Documents\\programacion\\BCN activa\\2_Front End\\4_sprint\\Tema 2 React Componentes\\it-sprint4-images-gallery\\image-gallery\\src\\components\\ImageItem.tsx": {"path":"C:\\Users\\Joelito\\Documents\\programacion\\BCN activa\\2_Front End\\4_sprint\\Tema 2 React Componentes\\it-sprint4-images-gallery\\image-gallery\\src\\components\\ImageItem.tsx","statementMap":{"0":{"start":{"line":18,"column":27},"end":{"line":18,"column":null}},"1":{"start":{"line":28,"column":13},"end":{"line":71,"column":null}},"2":{"start":{"line":30,"column":16},"end":{"line":35,"column":null}},"3":{"start":{"line":37,"column":4},"end":{"line":69,"column":null}},"4":{"start":{"line":46,"column":16},"end":{"line":46,"column":null}},"5":{"start":{"line":49,"column":16},"end":{"line":52,"column":null}},"6":{"start":{"line":50,"column":20},"end":{"line":50,"column":null}},"7":{"start":{"line":51,"column":20},"end":{"line":51,"column":null}},"8":{"start":{"line":66,"column":20},"end":{"line":66,"column":null}},"9":{"start":{"line":67,"column":20},"end":{"line":67,"column":null}}},"fnMap":{"0":{"name":"(anonymous_0)","decl":{"start":{"line":28,"column":13},"end":{"line":28,"column":26}},"loc":{"start":{"line":28,"column":113},"end":{"line":71,"column":null}},"line":28},"1":{"name":"(anonymous_1)","decl":{"start":{"line":43,"column":12},"end":{"line":43,"column":26}},"loc":{"start":{"line":43,"column":26},"end":{"line":47,"column":null}},"line":43},"2":{"name":"(anonymous_2)","decl":{"start":{"line":48,"column":12},"end":{"line":48,"column":25}},"loc":{"start":{"line":48,"column":35},"end":{"line":53,"column":null}},"line":48},"3":{"name":"(anonymous_3)","decl":{"start":{"line":65,"column":16},"end":{"line":65,"column":26}},"loc":{"start":{"line":65,"column":36},"end":{"line":68,"column":19}},"line":65}},"branchMap":{"0":{"loc":{"start":{"line":41,"column":35},"end":{"line":41,"column":83}},"type":"cond-expr","locations":[{"start":{"line":41,"column":48},"end":{"line":41,"column":80}},{"start":{"line":41,"column":80},"end":{"line":41,"column":83}}],"line":41},"1":{"loc":{"start":{"line":41,"column":86},"end":{"line":41,"column":117}},"type":"cond-expr","locations":[{"start":{"line":41,"column":99},"end":{"line":41,"column":114}},{"start":{"line":41,"column":114},"end":{"line":41,"column":117}}],"line":41},"2":{"loc":{"start":{"line":41,"column":120},"end":{"line":41,"column":null}},"type":"cond-expr","locations":[{"start":{"line":41,"column":133},"end":{"line":41,"column":169}},{"start":{"line":41,"column":169},"end":{"line":41,"column":null}}],"line":41},"3":{"loc":{"start":{"line":49,"column":16},"end":{"line":52,"column":null}},"type":"if","locations":[{"start":{"line":49,"column":16},"end":{"line":52,"column":null}},{"start":{},"end":{}}],"line":49},"4":{"loc":{"start":{"line":49,"column":20},"end":{"line":49,"column":64}},"type":"binary-expr","locations":[{"start":{"line":49,"column":20},"end":{"line":49,"column":41}},{"start":{"line":49,"column":41},"end":{"line":49,"column":64}}],"line":49},"5":{"loc":{"start":{"line":56,"column":52},"end":{"line":56,"column":111}},"type":"cond-expr","locations":[{"start":{"line":56,"column":65},"end":{"line":56,"column":100}},{"start":{"line":56,"column":100},"end":{"line":56,"column":111}}],"line":56},"6":{"loc":{"start":{"line":56,"column":139},"end":{"line":56,"column":186}},"type":"cond-expr","locations":[{"start":{"line":56,"column":152},"end":{"line":56,"column":167}},{"start":{"line":56,"column":167},"end":{"line":56,"column":186}}],"line":56},"7":{"loc":{"start":{"line":57,"column":13},"end":{"line":57,"column":null}},"type":"binary-expr","locations":[{"start":{"line":57,"column":13},"end":{"line":57,"column":27}},{"start":{"line":57,"column":27},"end":{"line":57,"column":null}}],"line":57}},"s":{"0":2,"1":2,"2":105,"3":105,"4":2,"5":0,"6":0,"7":0,"8":1,"9":1},"f":{"0":105,"1":2,"2":0,"3":1},"b":{"0":[9,96],"1":[0,105],"2":[3,102],"3":[0,0],"4":[0,0],"5":[9,96],"6":[3,102],"7":[105,3]},"meta":{"lastBranch":8,"lastFunction":4,"lastStatement":10,"seen":{"s:18:27:18:Infinity":0,"s:28:13:71:Infinity":1,"f:28:13:28:26":0,"s:30:16:35:Infinity":2,"s:37:4:69:Infinity":3,"b:41:48:41:80:41:80:41:83":0,"b:41:99:41:114:41:114:41:117":1,"b:41:133:41:169:41:169:41:Infinity":2,"f:43:12:43:26":1,"s:46:16:46:Infinity":4,"f:48:12:48:25":2,"b:49:16:52:Infinity:undefined:undefined:undefined:undefined":3,"s:49:16:52:Infinity":5,"b:49:20:49:41:49:41:49:64":4,"s:50:20:50:Infinity":6,"s:51:20:51:Infinity":7,"b:56:65:56:100:56:100:56:111":5,"b:56:152:56:167:56:167:56:186":6,"b:57:13:57:27:57:27:57:Infinity":7,"f:65:16:65:26":3,"s:66:20:66:Infinity":8,"s:67:20:67:Infinity":9},"fnNames":{}}}
,"C:\\Users\\Joelito\\Documents\\programacion\\BCN activa\\2_Front End\\4_sprint\\Tema 2 React Componentes\\it-sprint4-images-gallery\\image-gallery\\src\\components\\ui\\button.tsx": {"path":"C:\\Users\\Joelito\\Documents\\programacion\\BCN activa\\2_Front End\\4_sprint\\Tema 2 React Componentes\\it-sprint4-images-gallery\\image-gallery\\src\\components\\ui\\button.tsx","statementMap":{"0":{"start":{"line":7,"column":6},"end":{"line":42,"column":null}},"1":{"start":{"line":54,"column":15},"end":{"line":54,"column":null}},"2":{"start":{"line":56,"column":2},"end":{"line":63,"column":null}}},"fnMap":{"0":{"name":"Button","decl":{"start":{"line":44,"column":9},"end":{"line":44,"column":16}},"loc":{"start":{"line":53,"column":5},"end":{"line":65,"column":null}},"line":53}},"branchMap":{"0":{"loc":{"start":{"line":46,"column":2},"end":{"line":46,"column":null}},"type":"default-arg","locations":[{"start":{"line":46,"column":12},"end":{"line":46,"column":null}}],"line":46},"1":{"loc":{"start":{"line":47,"column":2},"end":{"line":47,"column":null}},"type":"default-arg","locations":[{"start":{"line":47,"column":9},"end":{"line":47,"column":null}}],"line":47},"2":{"loc":{"start":{"line":48,"column":2},"end":{"line":48,"column":null}},"type":"default-arg","locations":[{"start":{"line":48,"column":12},"end":{"line":48,"column":null}}],"line":48},"3":{"loc":{"start":{"line":54,"column":15},"end":{"line":54,"column":null}},"type":"cond-expr","locations":[{"start":{"line":54,"column":25},"end":{"line":54,"column":37}},{"start":{"line":54,"column":37},"end":{"line":54,"column":null}}],"line":54}},"s":{"0":2,"1":105,"2":105},"f":{"0":105},"b":{"0":[105],"1":[105],"2":[105],"3":[0,105]},"meta":{"lastBranch":4,"lastFunction":1,"lastStatement":3,"seen":{"s:7:6:42:Infinity":0,"f:44:9:44:16":0,"b:46:12:46:Infinity":0,"b:47:9:47:Infinity":1,"b:48:12:48:Infinity":2,"s:54:15:54:Infinity":1,"b:54:25:54:37:54:37:54:Infinity":3,"s:56:2:63:Infinity":2},"fnNames":{}}}
,"C:\\Users\\Joelito\\Documents\\programacion\\BCN activa\\2_Front End\\4_sprint\\Tema 2 React Componentes\\it-sprint4-images-gallery\\image-gallery\\src\\components\\ui\\sonner.tsx": {"path":"C:\\Users\\Joelito\\Documents\\programacion\\BCN activa\\2_Front End\\4_sprint\\Tema 2 React Componentes\\it-sprint4-images-gallery\\image-gallery\\src\\components\\ui\\sonner.tsx","statementMap":{"0":{"start":{"line":5,"column":6},"end":{"line":45,"column":null}},"1":{"start":{"line":6,"column":18},"end":{"line":6,"column":null}},"2":{"start":{"line":8,"column":2},"end":{"line":43,"column":null}}},"fnMap":{"0":{"name":"(anonymous_0)","decl":{"start":{"line":5,"column":6},"end":{"line":5,"column":17}},"loc":{"start":{"line":5,"column":48},"end":{"line":45,"column":null}},"line":5}},"branchMap":{"0":{"loc":{"start":{"line":6,"column":10},"end":{"line":6,"column":31}},"type":"default-arg","locations":[{"start":{"line":6,"column":18},"end":{"line":6,"column":31}}],"line":6}},"s":{"0":1,"1":1,"2":1},"f":{"0":1},"b":{"0":[1]},"meta":{"lastBranch":1,"lastFunction":1,"lastStatement":3,"seen":{"s:5:6:45:Infinity":0,"f:5:6:5:17":0,"s:6:18:6:Infinity":1,"b:6:18:6:31":0,"s:8:2:43:Infinity":2},"fnNames":{}}}
,"C:\\Users\\Joelito\\Documents\\programacion\\BCN activa\\2_Front End\\4_sprint\\Tema 2 React Componentes\\it-sprint4-images-gallery\\image-gallery\\src\\data\\images.ts": {"path":"C:\\Users\\Joelito\\Documents\\programacion\\BCN activa\\2_Front End\\4_sprint\\Tema 2 React Componentes\\it-sprint4-images-gallery\\image-gallery\\src\\data\\images.ts","statementMap":{"0":{"start":{"line":3,"column":35},"end":{"line":16,"column":null}}},"fnMap":{},"branchMap":{},"s":{"0":2},"f":{},"b":{},"meta":{"lastBranch":0,"lastFunction":0,"lastStatement":1,"seen":{"s:3:35:16:Infinity":0},"fnNames":{}}}
,"C:\\Users\\Joelito\\Documents\\programacion\\BCN activa\\2_Front End\\4_sprint\\Tema 2 React Componentes\\it-sprint4-images-gallery\\image-gallery\\src\\lib\\utils.ts": {"path":"C:\\Users\\Joelito\\Documents\\programacion\\BCN activa\\2_Front End\\4_sprint\\Tema 2 React Componentes\\it-sprint4-images-gallery\\image-gallery\\src\\lib\\utils.ts","statementMap":{"0":{"start":{"line":5,"column":2},"end":{"line":5,"column":null}}},"fnMap":{"0":{"name":"cn","decl":{"start":{"line":4,"column":16},"end":{"line":4,"column":19}},"loc":{"start":{"line":4,"column":44},"end":{"line":6,"column":null}},"line":4}},"branchMap":{},"s":{"0":105},"f":{"0":105},"b":{},"meta":{"lastBranch":0,"lastFunction":1,"lastStatement":1,"seen":{"f:4:16:4:19":0,"s:5:2:5:Infinity":0},"fnNames":{}}}
}
